<?xml version="1.0" encoding="UTF-8"?>
<testng-results ignored="0" total="1" passed="1" failed="0" skipped="0">
  <reporter-output>
  </reporter-output>
  <suite started-at="2022-10-28T15:06:44 IST" name="Default suite" finished-at="2022-10-28T15:06:49 IST" duration-ms="5225">
    <groups>
    </groups>
    <test started-at="2022-10-28T15:06:44 IST" name="Default test" finished-at="2022-10-28T15:06:49 IST" duration-ms="5225">
      <class name="com.rmgyantra.framework.Post_Get_End2End_WithUtilities">
        <test-method is-config="true" signature="createConn()[pri:0, instance:com.rmgyantra.framework.Post_Get_End2End_WithUtilities@1de5f259]" started-at="2022-10-28T15:06:43 IST" name="createConn" finished-at="2022-10-28T15:06:44 IST" duration-ms="723" status="PASS">
          <reporter-output>
          </reporter-output>
        </test-method> <!-- createConn -->
        <test-method signature="CreateProject()[pri:0, instance:com.rmgyantra.framework.Post_Get_End2End_WithUtilities@1de5f259]" started-at="2022-10-28T15:06:44 IST" name="CreateProject" finished-at="2022-10-28T15:06:49 IST" duration-ms="5169" status="PASS">
          <reporter-output>
          </reporter-output>
        </test-method> <!-- CreateProject -->
        <test-method is-config="true" signature="closeCon()[pri:0, instance:com.rmgyantra.framework.Post_Get_End2End_WithUtilities@1de5f259]" started-at="2022-10-28T15:06:49 IST" name="closeCon" finished-at="2022-10-28T15:06:49 IST" duration-ms="14" status="PASS">
          <reporter-output>
          </reporter-output>
        </test-method> <!-- closeCon -->
      </class> <!-- com.rmgyantra.framework.Post_Get_End2End_WithUtilities -->
    </test> <!-- Default test -->
  </suite> <!-- Default suite -->
</testng-results>
