<?xml version="1.0" encoding="UTF-8"?>
<testng-results ignored="0" total="1" passed="1" failed="0" skipped="0">
  <reporter-output>
  </reporter-output>
  <suite started-at="2022-10-26T06:45:39Z" name="Default suite" finished-at="2022-10-26T06:45:44Z" duration-ms="4803">
    <groups>
    </groups>
    <test started-at="2022-10-26T06:45:39Z" name="Default test" finished-at="2022-10-26T06:45:44Z" duration-ms="4803">
      <class name="com.rmgyantra.crud_DIfferent_ways_to_post_request.CreatingProjectUsing_POJOClassTest">
        <test-method signature="creatingProject()[pri:0, instance:com.rmgyantra.crud_DIfferent_ways_to_post_request.CreatingProjectUsing_POJOClassTest@3ddc6915]" started-at="2022-10-26T06:45:39Z" name="creatingProject" finished-at="2022-10-26T06:45:44Z" duration-ms="4722" status="PASS">
          <reporter-output>
          </reporter-output>
        </test-method> <!-- creatingProject -->
      </class> <!-- com.rmgyantra.crud_DIfferent_ways_to_post_request.CreatingProjectUsing_POJOClassTest -->
    </test> <!-- Default test -->
  </suite> <!-- Default suite -->
</testng-results>
