<?xml version="1.0" encoding="UTF-8"?>
<!-- Generated by org.testng.reporters.JUnitXMLReporter -->
<testsuite ignored="0" hostname="DELL-PC" failures="0" tests="2" name="Default test" time="9.498" errors="0" timestamp="26 Oct 2022 07:48:08 GMT">
  <testcase classname="com.rmgyantra.crud_DIfferent_ways_to_post_request.CreatingProjectUsing_POJOClassTest" name="creatingProject" time="8.769"/>
  <testcase classname="com.rmgyantra.crud_DIfferent_ways_to_post_request.CreatingProjectUsing_POJOClassTest" name="creatingProject" time="0.63"/>
</testsuite> <!-- Default test -->
